<?xml version="1.0" encoding="utf-8" standalone="no"?>
<test-run id="2" testcasecount="16" result="Passed" total="16" passed="16" failed="0" inconclusive="0" skipped="0" asserts="48" engine-version="3.9.0.0" clr-version="4.0.30319.42000" start-time="2018-10-02 13:00:17Z" end-time="2018-10-02 13:00:39Z" duration="21.892829">
  <command-line><![CDATA[C:\Projects\Capsule\TaskManager\TaskManagerService\packages\NUnit.ConsoleRunner.3.9.0\tools\nunit3-console.exe  C:\Projects\Capsule\TaskManager\TaskManagerService\Task.NUnitTest\bin\Debug\Task.NUnitTest.dll]]></command-line>
  <test-suite type="Assembly" id="0-1020" name="Task.NUnitTest.dll" fullname="C:\Projects\Capsule\TaskManager\TaskManagerService\Task.NUnitTest\bin\Debug\Task.NUnitTest.dll" runstate="Runnable" testcasecount="16" result="Passed" start-time="2018-10-02 13:00:25Z" end-time="2018-10-02 13:00:38Z" duration="13.731226" total="16" passed="16" failed="0" warnings="0" inconclusive="0" skipped="0" asserts="48">
    <environment framework-version="3.10.1.0" clr-version="4.0.30319.42000" os-version="Microsoft Windows NT 10.0.17134.0" platform="Win32NT" cwd="C:\Projects\Capsule\TaskManager\TaskManagerService\Task.NUnitTest" machine-name="DOTNET" user="Admin" user-domain="DOTNET" culture="en-IN" uiculture="en-US" os-architecture="x64" />
    <settings>
      <setting name="DisposeRunners" value="True" />
      <setting name="WorkDirectory" value="C:\Projects\Capsule\TaskManager\TaskManagerService\Task.NUnitTest" />
      <setting name="ImageRuntimeVersion" value="4.0.30319" />
      <setting name="ImageTargetFrameworkName" value=".NETFramework,Version=v4.6.1" />
      <setting name="ImageRequiresX86" value="False" />
      <setting name="ImageRequiresDefaultAppDomainAssemblyResolver" value="False" />
      <setting name="NumberOfTestWorkers" value="3" />
    </settings>
    <properties>
      <property name="_PID" value="1968" />
      <property name="_APPDOMAIN" value="domain-" />
    </properties>
    <test-suite type="TestSuite" id="0-1021" name="Task" fullname="Task" runstate="Runnable" testcasecount="16" result="Passed" start-time="2018-10-02 13:00:25Z" end-time="2018-10-02 13:00:38Z" duration="13.664631" total="16" passed="16" failed="0" warnings="0" inconclusive="0" skipped="0" asserts="48">
      <test-suite type="TestSuite" id="0-1022" name="NUnitTest" fullname="Task.NUnitTest" runstate="Runnable" testcasecount="16" result="Passed" start-time="2018-10-02 13:00:25Z" end-time="2018-10-02 13:00:38Z" duration="13.661671" total="16" passed="16" failed="0" warnings="0" inconclusive="0" skipped="0" asserts="48">
        <test-suite type="TestSuite" id="0-1024" name="LoadTest" fullname="Task.NUnitTest.LoadTest" runstate="Runnable" testcasecount="3" result="Passed" start-time="2018-10-02 13:00:25Z" end-time="2018-10-02 13:00:37Z" duration="12.211839" total="3" passed="3" failed="0" warnings="0" inconclusive="0" skipped="0" asserts="0">
          <test-suite type="TestFixture" id="0-1015" name="MemoryTests" fullname="Task.NUnitTest.LoadTest.MemoryTests" classname="Task.NUnitTest.LoadTest.MemoryTests" runstate="Runnable" testcasecount="3" result="Passed" start-time="2018-10-02 13:00:25Z" end-time="2018-10-02 13:00:37Z" duration="12.201536" total="3" passed="3" failed="0" warnings="0" inconclusive="0" skipped="0" asserts="0">
            <test-suite type="ParameterizedMethod" id="0-1019" name="PerformanceTests" fullname="Task.NUnitTest.LoadTest.MemoryTests.PerformanceTests" classname="Task.NUnitTest.PerformanceTestStuite`1" runstate="Runnable" testcasecount="3" result="Passed" start-time="2018-10-02 13:00:25Z" end-time="2018-10-02 13:00:37Z" duration="12.183492" total="3" passed="3" failed="0" warnings="0" inconclusive="0" skipped="0" asserts="0">
              <test-case id="0-1016" name="GetTaskMemory_Test" fullname="Task.NUnitTest.LoadTest.MemoryTests.GetTaskMemory_Test" methodname="PerformanceTests" classname="Task.NUnitTest.PerformanceTestStuite`1" runstate="Runnable" seed="606668333" result="Passed" start-time="2018-10-02 13:00:25Z" end-time="2018-10-02 13:00:35Z" duration="10.478089" asserts="0" />
              <test-case id="0-1017" name="GetParentTaskMemory_Test" fullname="Task.NUnitTest.LoadTest.MemoryTests.GetParentTaskMemory_Test" methodname="PerformanceTests" classname="Task.NUnitTest.PerformanceTestStuite`1" runstate="Runnable" seed="1675982248" result="Passed" start-time="2018-10-02 13:00:35Z" end-time="2018-10-02 13:00:36Z" duration="0.985619" asserts="0" />
              <test-case id="0-1018" name="GetTaskByIdMemory_Test" fullname="Task.NUnitTest.LoadTest.MemoryTests.GetTaskByIdMemory_Test" methodname="PerformanceTests" classname="Task.NUnitTest.PerformanceTestStuite`1" runstate="Runnable" seed="1792560862" result="Passed" start-time="2018-10-02 13:00:36Z" end-time="2018-10-02 13:00:37Z" duration="0.687039" asserts="0" />
            </test-suite>
          </test-suite>
        </test-suite>
        <test-suite type="TestSuite" id="0-1023" name="UnitTest" fullname="Task.NUnitTest.UnitTest" runstate="Runnable" testcasecount="13" result="Passed" start-time="2018-10-02 13:00:25Z" end-time="2018-10-02 13:00:38Z" duration="13.660335" total="13" passed="13" failed="0" warnings="0" inconclusive="0" skipped="0" asserts="48">
          <test-suite type="TestFixture" id="0-1000" name="TaskManagerBLTest" fullname="Task.NUnitTest.UnitTest.TaskManagerBLTest" classname="Task.NUnitTest.UnitTest.TaskManagerBLTest" runstate="Runnable" testcasecount="7" result="Passed" start-time="2018-10-02 13:00:37Z" end-time="2018-10-02 13:00:38Z" duration="1.410318" total="7" passed="7" failed="0" warnings="0" inconclusive="0" skipped="0" asserts="26">
            <test-case id="0-1005" name="AddTaskTest" fullname="Task.NUnitTest.UnitTest.TaskManagerBLTest.AddTaskTest" methodname="AddTaskTest" classname="Task.NUnitTest.UnitTest.TaskManagerBLTest" runstate="Runnable" seed="832592738" result="Passed" start-time="2018-10-02 13:00:37Z" end-time="2018-10-02 13:00:38Z" duration="1.167998" asserts="1" />
            <test-case id="0-1007" name="EndTaskTest" fullname="Task.NUnitTest.UnitTest.TaskManagerBLTest.EndTaskTest" methodname="EndTaskTest" classname="Task.NUnitTest.UnitTest.TaskManagerBLTest" runstate="Runnable" seed="886933160" result="Passed" start-time="2018-10-02 13:00:38Z" end-time="2018-10-02 13:00:38Z" duration="0.096687" asserts="1" />
            <test-case id="0-1002" name="GetParentTasksTest_WIthID" fullname="Task.NUnitTest.UnitTest.TaskManagerBLTest.GetParentTasksTest_WIthID" methodname="GetParentTasksTest_WIthID" classname="Task.NUnitTest.UnitTest.TaskManagerBLTest" runstate="Runnable" seed="2052915195" result="Passed" start-time="2018-10-02 13:00:38Z" end-time="2018-10-02 13:00:38Z" duration="0.093712" asserts="3" />
            <test-case id="0-1003" name="GetParentTasksTest_WithoutID" fullname="Task.NUnitTest.UnitTest.TaskManagerBLTest.GetParentTasksTest_WithoutID" methodname="GetParentTasksTest_WithoutID" classname="Task.NUnitTest.UnitTest.TaskManagerBLTest" runstate="Runnable" seed="1762463519" result="Passed" start-time="2018-10-02 13:00:38Z" end-time="2018-10-02 13:00:38Z" duration="0.007785" asserts="2" />
            <test-case id="0-1004" name="GetTaskByIdTest" fullname="Task.NUnitTest.UnitTest.TaskManagerBLTest.GetTaskByIdTest" methodname="GetTaskByIdTest" classname="Task.NUnitTest.UnitTest.TaskManagerBLTest" runstate="Runnable" seed="393302837" result="Passed" start-time="2018-10-02 13:00:38Z" end-time="2018-10-02 13:00:38Z" duration="0.025767" asserts="2" />
            <test-case id="0-1001" name="GetTaskTestBL" fullname="Task.NUnitTest.UnitTest.TaskManagerBLTest.GetTaskTestBL" methodname="GetTaskTestBL" classname="Task.NUnitTest.UnitTest.TaskManagerBLTest" runstate="Runnable" seed="2090768303" result="Passed" start-time="2018-10-02 13:00:38Z" end-time="2018-10-02 13:00:38Z" duration="0.006862" asserts="16" />
            <test-case id="0-1006" name="UpdateTaskTest" fullname="Task.NUnitTest.UnitTest.TaskManagerBLTest.UpdateTaskTest" methodname="UpdateTaskTest" classname="Task.NUnitTest.UnitTest.TaskManagerBLTest" runstate="Runnable" seed="170786126" result="Passed" start-time="2018-10-02 13:00:38Z" end-time="2018-10-02 13:00:38Z" duration="0.010012" asserts="1" />
          </test-suite>
          <test-suite type="TestFixture" id="0-1008" name="TaskManagerControllerTest" fullname="Task.NUnitTest.UnitTest.TaskManagerControllerTest" classname="Task.NUnitTest.UnitTest.TaskManagerControllerTest" runstate="Runnable" testcasecount="6" result="Passed" start-time="2018-10-02 13:00:38Z" end-time="2018-10-02 13:00:38Z" duration="0.032553" total="6" passed="6" failed="0" warnings="0" inconclusive="0" skipped="0" asserts="22">
            <test-case id="0-1012" name="AddTaskTest_Success" fullname="Task.NUnitTest.UnitTest.TaskManagerControllerTest.AddTaskTest_Success" methodname="AddTaskTest_Success" classname="Task.NUnitTest.UnitTest.TaskManagerControllerTest" runstate="Runnable" seed="710484334" result="Passed" start-time="2018-10-02 13:00:38Z" end-time="2018-10-02 13:00:38Z" duration="0.007691" asserts="1" />
            <test-case id="0-1014" name="EndTaskTest_Success" fullname="Task.NUnitTest.UnitTest.TaskManagerControllerTest.EndTaskTest_Success" methodname="EndTaskTest_Success" classname="Task.NUnitTest.UnitTest.TaskManagerControllerTest" runstate="Runnable" seed="428117404" result="Passed" start-time="2018-10-02 13:00:38Z" end-time="2018-10-02 13:00:38Z" duration="0.002498" asserts="1" />
            <test-case id="0-1010" name="GetParentTasksTest_Success" fullname="Task.NUnitTest.UnitTest.TaskManagerControllerTest.GetParentTasksTest_Success" methodname="GetParentTasksTest_Success" classname="Task.NUnitTest.UnitTest.TaskManagerControllerTest" runstate="Runnable" seed="2043215073" result="Passed" start-time="2018-10-02 13:00:38Z" end-time="2018-10-02 13:00:38Z" duration="0.007476" asserts="5" />
            <test-case id="0-1011" name="GetTaskByIdTest_Success" fullname="Task.NUnitTest.UnitTest.TaskManagerControllerTest.GetTaskByIdTest_Success" methodname="GetTaskByIdTest_Success" classname="Task.NUnitTest.UnitTest.TaskManagerControllerTest" runstate="Runnable" seed="392109104" result="Passed" start-time="2018-10-02 13:00:38Z" end-time="2018-10-02 13:00:38Z" duration="0.005018" asserts="7" />
            <test-case id="0-1009" name="GetTasksTest_Success" fullname="Task.NUnitTest.UnitTest.TaskManagerControllerTest.GetTasksTest_Success" methodname="GetTasksTest_Success" classname="Task.NUnitTest.UnitTest.TaskManagerControllerTest" runstate="Runnable" seed="852246828" result="Passed" start-time="2018-10-02 13:00:38Z" end-time="2018-10-02 13:00:38Z" duration="0.005624" asserts="7" />
            <test-case id="0-1013" name="UpdateTaskTest_Success" fullname="Task.NUnitTest.UnitTest.TaskManagerControllerTest.UpdateTaskTest_Success" methodname="UpdateTaskTest_Success" classname="Task.NUnitTest.UnitTest.TaskManagerControllerTest" runstate="Runnable" seed="1876264290" result="Passed" start-time="2018-10-02 13:00:38Z" end-time="2018-10-02 13:00:38Z" duration="0.003311" asserts="1" />
          </test-suite>
        </test-suite>
      </test-suite>
    </test-suite>
  </test-suite>
</test-run>